This is pdfTeX, Version 3.14159265-2.6-1.40.15 (TeX Live 2014) (preloaded format=pdflatex 2014.5.25)  22 APR 2016 16:41
entering extended mode
 restricted \write18 enabled.
 file:line:error style messages enabled.
 %&-line parsing enabled.
**beamercolorthememetropolis.sty
(./beamercolorthememetropolis.sty
LaTeX2e <2014/05/01>
Babel <3.9k> and hyphenation patterns for 78 languages loaded.

LaTeX Warning: You have requested package `',
               but the package provides `beamercolorthememetropolis'.

Package: beamercolorthememetropolis 2016/02/21 Metropolis color theme
(/usr/local/texlive/2014/texmf-dist/tex/latex/pgfopts/pgfopts.sty
Package: pgfopts 2011/06/02 v2.1 LaTeX package options with pgfkeys

(/usr/local/texlive/2014/texmf-dist/tex/latex/pgf/utilities/pgfkeys.sty
(/usr/local/texlive/2014/texmf-dist/tex/generic/pgf/utilities/pgfkeys.code.tex
\pgfkeys@pathtoks=\toks14
\pgfkeys@temptoks=\toks15

(/usr/local/texlive/2014/texmf-dist/tex/generic/pgf/utilities/pgfkeysfiltered.c
ode.tex
\pgfkeys@tmptoks=\toks16
)))
\pgfopts@list@add@a@toks=\toks17
\pgfopts@list@add@b@toks=\toks18
)

./beamercolorthememetropolis.sty:41: LaTeX Error: Missing \begin{document}.

See the LaTeX manual or LaTeX Companion for explanation.
Type  H <return>  for immediate help.
 ...                                              
                                                  
l.41 }
      
? 
./beamercolorthememetropolis.sty:41: Emergency stop.
 ...                                              
                                                  
l.41 }
      
You're in trouble here.  Try typing  <return>  to proceed.
If that doesn't work, type  X <return>  to quit.

 
Here is how much of TeX's memory you used:
 473 strings out of 493117
 13673 string characters out of 6135433
 63801 words of memory out of 5000000
 4020 multiletter control sequences out of 15000+600000
 3640 words of font info for 14 fonts, out of 8000000 for 9000
 1141 hyphenation exceptions out of 8191
 40i,0n,40p,333b,14s stack positions out of 5000i,500n,10000p,200000b,80000s
./beamercolorthememetropolis.sty:41:  ==> Fatal error occurred, no output PDF f
ile produced!
